2013/02/19 20:11:18 [error] [exception.CException] exception 'CException' with message 'Alias "bootstrap.widgets.TbHeroUnit" is invalid. Make sure it points to an existing directory or file.' in Z:\home\vladimirfeskov.com.local\www\framework\YiiBase.php:341
Stack trace:
#0 Z:\home\vladimirfeskov.com.local\www\framework\web\CWidgetFactory.php(146): YiiBase::import('bootstrap.widge...', true)
#1 Z:\home\vladimirfeskov.com.local\www\framework\web\CBaseController.php(146): CWidgetFactory->createWidget(Object(SiteController), 'bootstrap.widge...', Array)
#2 Z:\home\vladimirfeskov.com.local\www\framework\web\CBaseController.php(189): CBaseController->createWidget('bootstrap.widge...', Array)
#3 Z:\home\vladimirfeskov.com.local\www\themes\bootstrap\views\site\index.php(9): CBaseController->beginWidget('bootstrap.widge...', Array)
#4 Z:\home\vladimirfeskov.com.local\www\framework\web\CBaseController.php(126): require('Z:\home\vladimi...')
#5 Z:\home\vladimirfeskov.com.local\www\framework\web\CBaseController.php(95): CBaseController->renderInternal('Z:\home\vladimi...', NULL, true)
#6 Z:\home\vladimirfeskov.com.local\www\framework\web\CController.php(869): CBaseController->renderFile('Z:\home\vladimi...', NULL, true)
#7 Z:\home\vladimirfeskov.com.local\www\framework\web\CController.php(782): CController->renderPartial('index', NULL, true)
#8 Z:\home\vladimirfeskov.com.local\www\protected\controllers\SiteController.php(32): CController->render('index')
#9 Z:\home\vladimirfeskov.com.local\www\framework\web\actions\CInlineAction.php(49): SiteController->actionIndex()
#10 Z:\home\vladimirfeskov.com.local\www\framework\web\CController.php(308): CInlineAction->runWithParams(Array)
#11 Z:\home\vladimirfeskov.com.local\www\framework\web\CController.php(286): CController->runAction(Object(CInlineAction))
#12 Z:\home\vladimirfeskov.com.local\www\framework\web\CController.php(265): CController->runActionWithFilters(Object(CInlineAction), Array)
#13 Z:\home\vladimirfeskov.com.local\www\framework\web\CWebApplication.php(282): CController->run('')
#14 Z:\home\vladimirfeskov.com.local\www\framework\web\CWebApplication.php(141): CWebApplication->runController('')
#15 Z:\home\vladimirfeskov.com.local\www\framework\base\CApplication.php(169): CWebApplication->processRequest()
#16 Z:\home\vladimirfeskov.com.local\www\index.php(13): CApplication->run()
#17 {main}
REQUEST_URI=/
---
2013/02/19 20:11:20 [error] [exception.CException] exception 'CException' with message 'Alias "bootstrap.widgets.TbHeroUnit" is invalid. Make sure it points to an existing directory or file.' in Z:\home\vladimirfeskov.com.local\www\framework\YiiBase.php:341
Stack trace:
#0 Z:\home\vladimirfeskov.com.local\www\framework\web\CWidgetFactory.php(146): YiiBase::import('bootstrap.widge...', true)
#1 Z:\home\vladimirfeskov.com.local\www\framework\web\CBaseController.php(146): CWidgetFactory->createWidget(Object(SiteController), 'bootstrap.widge...', Array)
#2 Z:\home\vladimirfeskov.com.local\www\framework\web\CBaseController.php(189): CBaseController->createWidget('bootstrap.widge...', Array)
#3 Z:\home\vladimirfeskov.com.local\www\themes\bootstrap\views\site\index.php(9): CBaseController->beginWidget('bootstrap.widge...', Array)
#4 Z:\home\vladimirfeskov.com.local\www\framework\web\CBaseController.php(126): require('Z:\home\vladimi...')
#5 Z:\home\vladimirfeskov.com.local\www\framework\web\CBaseController.php(95): CBaseController->renderInternal('Z:\home\vladimi...', NULL, true)
#6 Z:\home\vladimirfeskov.com.local\www\framework\web\CController.php(869): CBaseController->renderFile('Z:\home\vladimi...', NULL, true)
#7 Z:\home\vladimirfeskov.com.local\www\framework\web\CController.php(782): CController->renderPartial('index', NULL, true)
#8 Z:\home\vladimirfeskov.com.local\www\protected\controllers\SiteController.php(32): CController->render('index')
#9 Z:\home\vladimirfeskov.com.local\www\framework\web\actions\CInlineAction.php(49): SiteController->actionIndex()
#10 Z:\home\vladimirfeskov.com.local\www\framework\web\CController.php(308): CInlineAction->runWithParams(Array)
#11 Z:\home\vladimirfeskov.com.local\www\framework\web\CController.php(286): CController->runAction(Object(CInlineAction))
#12 Z:\home\vladimirfeskov.com.local\www\framework\web\CController.php(265): CController->runActionWithFilters(Object(CInlineAction), Array)
#13 Z:\home\vladimirfeskov.com.local\www\framework\web\CWebApplication.php(282): CController->run('')
#14 Z:\home\vladimirfeskov.com.local\www\framework\web\CWebApplication.php(141): CWebApplication->runController('')
#15 Z:\home\vladimirfeskov.com.local\www\framework\base\CApplication.php(169): CWebApplication->processRequest()
#16 Z:\home\vladimirfeskov.com.local\www\index.php(13): CApplication->run()
#17 {main}
REQUEST_URI=/
---
2013/02/19 20:12:10 [error] [exception.CException] exception 'CException' with message 'Alias "bootstrap.widgets.TbHeroUnit" is invalid. Make sure it points to an existing directory or file.' in Z:\home\vladimirfeskov.com.local\www\framework\YiiBase.php:341
Stack trace:
#0 Z:\home\vladimirfeskov.com.local\www\framework\web\CWidgetFactory.php(146): YiiBase::import('bootstrap.widge...', true)
#1 Z:\home\vladimirfeskov.com.local\www\framework\web\CBaseController.php(146): CWidgetFactory->createWidget(Object(SiteController), 'bootstrap.widge...', Array)
#2 Z:\home\vladimirfeskov.com.local\www\framework\web\CBaseController.php(189): CBaseController->createWidget('bootstrap.widge...', Array)
#3 Z:\home\vladimirfeskov.com.local\www\themes\bootstrap\views\site\index.php(9): CBaseController->beginWidget('bootstrap.widge...', Array)
#4 Z:\home\vladimirfeskov.com.local\www\framework\web\CBaseController.php(126): require('Z:\home\vladimi...')
#5 Z:\home\vladimirfeskov.com.local\www\framework\web\CBaseController.php(95): CBaseController->renderInternal('Z:\home\vladimi...', NULL, true)
#6 Z:\home\vladimirfeskov.com.local\www\framework\web\CController.php(869): CBaseController->renderFile('Z:\home\vladimi...', NULL, true)
#7 Z:\home\vladimirfeskov.com.local\www\framework\web\CController.php(782): CController->renderPartial('index', NULL, true)
#8 Z:\home\vladimirfeskov.com.local\www\protected\controllers\SiteController.php(32): CController->render('index')
#9 Z:\home\vladimirfeskov.com.local\www\framework\web\actions\CInlineAction.php(49): SiteController->actionIndex()
#10 Z:\home\vladimirfeskov.com.local\www\framework\web\CController.php(308): CInlineAction->runWithParams(Array)
#11 Z:\home\vladimirfeskov.com.local\www\framework\web\CController.php(286): CController->runAction(Object(CInlineAction))
#12 Z:\home\vladimirfeskov.com.local\www\framework\web\CController.php(265): CController->runActionWithFilters(Object(CInlineAction), Array)
#13 Z:\home\vladimirfeskov.com.local\www\framework\web\CWebApplication.php(282): CController->run('')
#14 Z:\home\vladimirfeskov.com.local\www\framework\web\CWebApplication.php(141): CWebApplication->runController('')
#15 Z:\home\vladimirfeskov.com.local\www\framework\base\CApplication.php(169): CWebApplication->processRequest()
#16 Z:\home\vladimirfeskov.com.local\www\index.php(13): CApplication->run()
#17 {main}
REQUEST_URI=/
---
2013/02/19 20:12:11 [error] [exception.CException] exception 'CException' with message 'Alias "bootstrap.widgets.TbHeroUnit" is invalid. Make sure it points to an existing directory or file.' in Z:\home\vladimirfeskov.com.local\www\framework\YiiBase.php:341
Stack trace:
#0 Z:\home\vladimirfeskov.com.local\www\framework\web\CWidgetFactory.php(146): YiiBase::import('bootstrap.widge...', true)
#1 Z:\home\vladimirfeskov.com.local\www\framework\web\CBaseController.php(146): CWidgetFactory->createWidget(Object(SiteController), 'bootstrap.widge...', Array)
#2 Z:\home\vladimirfeskov.com.local\www\framework\web\CBaseController.php(189): CBaseController->createWidget('bootstrap.widge...', Array)
#3 Z:\home\vladimirfeskov.com.local\www\themes\bootstrap\views\site\index.php(9): CBaseController->beginWidget('bootstrap.widge...', Array)
#4 Z:\home\vladimirfeskov.com.local\www\framework\web\CBaseController.php(126): require('Z:\home\vladimi...')
#5 Z:\home\vladimirfeskov.com.local\www\framework\web\CBaseController.php(95): CBaseController->renderInternal('Z:\home\vladimi...', NULL, true)
#6 Z:\home\vladimirfeskov.com.local\www\framework\web\CController.php(869): CBaseController->renderFile('Z:\home\vladimi...', NULL, true)
#7 Z:\home\vladimirfeskov.com.local\www\framework\web\CController.php(782): CController->renderPartial('index', NULL, true)
#8 Z:\home\vladimirfeskov.com.local\www\protected\controllers\SiteController.php(32): CController->render('index')
#9 Z:\home\vladimirfeskov.com.local\www\framework\web\actions\CInlineAction.php(49): SiteController->actionIndex()
#10 Z:\home\vladimirfeskov.com.local\www\framework\web\CController.php(308): CInlineAction->runWithParams(Array)
#11 Z:\home\vladimirfeskov.com.local\www\framework\web\CController.php(286): CController->runAction(Object(CInlineAction))
#12 Z:\home\vladimirfeskov.com.local\www\framework\web\CController.php(265): CController->runActionWithFilters(Object(CInlineAction), Array)
#13 Z:\home\vladimirfeskov.com.local\www\framework\web\CWebApplication.php(282): CController->run('')
#14 Z:\home\vladimirfeskov.com.local\www\framework\web\CWebApplication.php(141): CWebApplication->runController('')
#15 Z:\home\vladimirfeskov.com.local\www\framework\base\CApplication.php(169): CWebApplication->processRequest()
#16 Z:\home\vladimirfeskov.com.local\www\index.php(13): CApplication->run()
#17 {main}
REQUEST_URI=/
---
2013/02/19 20:15:54 [error] [exception.CException] exception 'CException' with message 'Alias "bootstrap.widgets.TbHeroUnit" is invalid. Make sure it points to an existing directory or file.' in Z:\home\vladimirfeskov.com.local\www\framework\YiiBase.php:341
Stack trace:
#0 Z:\home\vladimirfeskov.com.local\www\framework\web\CWidgetFactory.php(146): YiiBase::import('bootstrap.widge...', true)
#1 Z:\home\vladimirfeskov.com.local\www\framework\web\CBaseController.php(146): CWidgetFactory->createWidget(Object(SiteController), 'bootstrap.widge...', Array)
#2 Z:\home\vladimirfeskov.com.local\www\framework\web\CBaseController.php(189): CBaseController->createWidget('bootstrap.widge...', Array)
#3 Z:\home\vladimirfeskov.com.local\www\themes\bootstrap\views\site\index.php(9): CBaseController->beginWidget('bootstrap.widge...', Array)
#4 Z:\home\vladimirfeskov.com.local\www\framework\web\CBaseController.php(126): require('Z:\home\vladimi...')
#5 Z:\home\vladimirfeskov.com.local\www\framework\web\CBaseController.php(95): CBaseController->renderInternal('Z:\home\vladimi...', NULL, true)
#6 Z:\home\vladimirfeskov.com.local\www\framework\web\CController.php(869): CBaseController->renderFile('Z:\home\vladimi...', NULL, true)
#7 Z:\home\vladimirfeskov.com.local\www\framework\web\CController.php(782): CController->renderPartial('index', NULL, true)
#8 Z:\home\vladimirfeskov.com.local\www\protected\controllers\SiteController.php(32): CController->render('index')
#9 Z:\home\vladimirfeskov.com.local\www\framework\web\actions\CInlineAction.php(49): SiteController->actionIndex()
#10 Z:\home\vladimirfeskov.com.local\www\framework\web\CController.php(308): CInlineAction->runWithParams(Array)
#11 Z:\home\vladimirfeskov.com.local\www\framework\web\CController.php(286): CController->runAction(Object(CInlineAction))
#12 Z:\home\vladimirfeskov.com.local\www\framework\web\CController.php(265): CController->runActionWithFilters(Object(CInlineAction), Array)
#13 Z:\home\vladimirfeskov.com.local\www\framework\web\CWebApplication.php(282): CController->run('')
#14 Z:\home\vladimirfeskov.com.local\www\framework\web\CWebApplication.php(141): CWebApplication->runController('')
#15 Z:\home\vladimirfeskov.com.local\www\framework\base\CApplication.php(169): CWebApplication->processRequest()
#16 Z:\home\vladimirfeskov.com.local\www\index.php(13): CApplication->run()
#17 {main}
REQUEST_URI=/
---
2013/02/19 20:15:55 [error] [exception.CException] exception 'CException' with message 'Alias "bootstrap.widgets.TbHeroUnit" is invalid. Make sure it points to an existing directory or file.' in Z:\home\vladimirfeskov.com.local\www\framework\YiiBase.php:341
Stack trace:
#0 Z:\home\vladimirfeskov.com.local\www\framework\web\CWidgetFactory.php(146): YiiBase::import('bootstrap.widge...', true)
#1 Z:\home\vladimirfeskov.com.local\www\framework\web\CBaseController.php(146): CWidgetFactory->createWidget(Object(SiteController), 'bootstrap.widge...', Array)
#2 Z:\home\vladimirfeskov.com.local\www\framework\web\CBaseController.php(189): CBaseController->createWidget('bootstrap.widge...', Array)
#3 Z:\home\vladimirfeskov.com.local\www\themes\bootstrap\views\site\index.php(9): CBaseController->beginWidget('bootstrap.widge...', Array)
#4 Z:\home\vladimirfeskov.com.local\www\framework\web\CBaseController.php(126): require('Z:\home\vladimi...')
#5 Z:\home\vladimirfeskov.com.local\www\framework\web\CBaseController.php(95): CBaseController->renderInternal('Z:\home\vladimi...', NULL, true)
#6 Z:\home\vladimirfeskov.com.local\www\framework\web\CController.php(869): CBaseController->renderFile('Z:\home\vladimi...', NULL, true)
#7 Z:\home\vladimirfeskov.com.local\www\framework\web\CController.php(782): CController->renderPartial('index', NULL, true)
#8 Z:\home\vladimirfeskov.com.local\www\protected\controllers\SiteController.php(32): CController->render('index')
#9 Z:\home\vladimirfeskov.com.local\www\framework\web\actions\CInlineAction.php(49): SiteController->actionIndex()
#10 Z:\home\vladimirfeskov.com.local\www\framework\web\CController.php(308): CInlineAction->runWithParams(Array)
#11 Z:\home\vladimirfeskov.com.local\www\framework\web\CController.php(286): CController->runAction(Object(CInlineAction))
#12 Z:\home\vladimirfeskov.com.local\www\framework\web\CController.php(265): CController->runActionWithFilters(Object(CInlineAction), Array)
#13 Z:\home\vladimirfeskov.com.local\www\framework\web\CWebApplication.php(282): CController->run('')
#14 Z:\home\vladimirfeskov.com.local\www\framework\web\CWebApplication.php(141): CWebApplication->runController('')
#15 Z:\home\vladimirfeskov.com.local\www\framework\base\CApplication.php(169): CWebApplication->processRequest()
#16 Z:\home\vladimirfeskov.com.local\www\index.php(13): CApplication->run()
#17 {main}
REQUEST_URI=/
---
2013/02/19 20:15:55 [error] [exception.CException] exception 'CException' with message 'Alias "bootstrap.widgets.TbHeroUnit" is invalid. Make sure it points to an existing directory or file.' in Z:\home\vladimirfeskov.com.local\www\framework\YiiBase.php:341
Stack trace:
#0 Z:\home\vladimirfeskov.com.local\www\framework\web\CWidgetFactory.php(146): YiiBase::import('bootstrap.widge...', true)
#1 Z:\home\vladimirfeskov.com.local\www\framework\web\CBaseController.php(146): CWidgetFactory->createWidget(Object(SiteController), 'bootstrap.widge...', Array)
#2 Z:\home\vladimirfeskov.com.local\www\framework\web\CBaseController.php(189): CBaseController->createWidget('bootstrap.widge...', Array)
#3 Z:\home\vladimirfeskov.com.local\www\themes\bootstrap\views\site\index.php(9): CBaseController->beginWidget('bootstrap.widge...', Array)
#4 Z:\home\vladimirfeskov.com.local\www\framework\web\CBaseController.php(126): require('Z:\home\vladimi...')
#5 Z:\home\vladimirfeskov.com.local\www\framework\web\CBaseController.php(95): CBaseController->renderInternal('Z:\home\vladimi...', NULL, true)
#6 Z:\home\vladimirfeskov.com.local\www\framework\web\CController.php(869): CBaseController->renderFile('Z:\home\vladimi...', NULL, true)
#7 Z:\home\vladimirfeskov.com.local\www\framework\web\CController.php(782): CController->renderPartial('index', NULL, true)
#8 Z:\home\vladimirfeskov.com.local\www\protected\controllers\SiteController.php(32): CController->render('index')
#9 Z:\home\vladimirfeskov.com.local\www\framework\web\actions\CInlineAction.php(49): SiteController->actionIndex()
#10 Z:\home\vladimirfeskov.com.local\www\framework\web\CController.php(308): CInlineAction->runWithParams(Array)
#11 Z:\home\vladimirfeskov.com.local\www\framework\web\CController.php(286): CController->runAction(Object(CInlineAction))
#12 Z:\home\vladimirfeskov.com.local\www\framework\web\CController.php(265): CController->runActionWithFilters(Object(CInlineAction), Array)
#13 Z:\home\vladimirfeskov.com.local\www\framework\web\CWebApplication.php(282): CController->run('')
#14 Z:\home\vladimirfeskov.com.local\www\framework\web\CWebApplication.php(141): CWebApplication->runController('')
#15 Z:\home\vladimirfeskov.com.local\www\framework\base\CApplication.php(169): CWebApplication->processRequest()
#16 Z:\home\vladimirfeskov.com.local\www\index.php(13): CApplication->run()
#17 {main}
REQUEST_URI=/
---
2013/02/19 20:15:57 [error] [exception.CException] exception 'CException' with message 'Alias "bootstrap.widgets.TbHeroUnit" is invalid. Make sure it points to an existing directory or file.' in Z:\home\vladimirfeskov.com.local\www\framework\YiiBase.php:341
Stack trace:
#0 Z:\home\vladimirfeskov.com.local\www\framework\web\CWidgetFactory.php(146): YiiBase::import('bootstrap.widge...', true)
#1 Z:\home\vladimirfeskov.com.local\www\framework\web\CBaseController.php(146): CWidgetFactory->createWidget(Object(SiteController), 'bootstrap.widge...', Array)
#2 Z:\home\vladimirfeskov.com.local\www\framework\web\CBaseController.php(189): CBaseController->createWidget('bootstrap.widge...', Array)
#3 Z:\home\vladimirfeskov.com.local\www\themes\bootstrap\views\site\index.php(9): CBaseController->beginWidget('bootstrap.widge...', Array)
#4 Z:\home\vladimirfeskov.com.local\www\framework\web\CBaseController.php(126): require('Z:\home\vladimi...')
#5 Z:\home\vladimirfeskov.com.local\www\framework\web\CBaseController.php(95): CBaseController->renderInternal('Z:\home\vladimi...', NULL, true)
#6 Z:\home\vladimirfeskov.com.local\www\framework\web\CController.php(869): CBaseController->renderFile('Z:\home\vladimi...', NULL, true)
#7 Z:\home\vladimirfeskov.com.local\www\framework\web\CController.php(782): CController->renderPartial('index', NULL, true)
#8 Z:\home\vladimirfeskov.com.local\www\protected\controllers\SiteController.php(32): CController->render('index')
#9 Z:\home\vladimirfeskov.com.local\www\framework\web\actions\CInlineAction.php(49): SiteController->actionIndex()
#10 Z:\home\vladimirfeskov.com.local\www\framework\web\CController.php(308): CInlineAction->runWithParams(Array)
#11 Z:\home\vladimirfeskov.com.local\www\framework\web\CController.php(286): CController->runAction(Object(CInlineAction))
#12 Z:\home\vladimirfeskov.com.local\www\framework\web\CController.php(265): CController->runActionWithFilters(Object(CInlineAction), Array)
#13 Z:\home\vladimirfeskov.com.local\www\framework\web\CWebApplication.php(282): CController->run('')
#14 Z:\home\vladimirfeskov.com.local\www\framework\web\CWebApplication.php(141): CWebApplication->runController('')
#15 Z:\home\vladimirfeskov.com.local\www\framework\base\CApplication.php(169): CWebApplication->processRequest()
#16 Z:\home\vladimirfeskov.com.local\www\index.php(13): CApplication->run()
#17 {main}
REQUEST_URI=/
---
2013/02/19 20:15:58 [error] [exception.CException] exception 'CException' with message 'Alias "bootstrap.widgets.TbHeroUnit" is invalid. Make sure it points to an existing directory or file.' in Z:\home\vladimirfeskov.com.local\www\framework\YiiBase.php:341
Stack trace:
#0 Z:\home\vladimirfeskov.com.local\www\framework\web\CWidgetFactory.php(146): YiiBase::import('bootstrap.widge...', true)
#1 Z:\home\vladimirfeskov.com.local\www\framework\web\CBaseController.php(146): CWidgetFactory->createWidget(Object(SiteController), 'bootstrap.widge...', Array)
#2 Z:\home\vladimirfeskov.com.local\www\framework\web\CBaseController.php(189): CBaseController->createWidget('bootstrap.widge...', Array)
#3 Z:\home\vladimirfeskov.com.local\www\themes\bootstrap\views\site\index.php(9): CBaseController->beginWidget('bootstrap.widge...', Array)
#4 Z:\home\vladimirfeskov.com.local\www\framework\web\CBaseController.php(126): require('Z:\home\vladimi...')
#5 Z:\home\vladimirfeskov.com.local\www\framework\web\CBaseController.php(95): CBaseController->renderInternal('Z:\home\vladimi...', NULL, true)
#6 Z:\home\vladimirfeskov.com.local\www\framework\web\CController.php(869): CBaseController->renderFile('Z:\home\vladimi...', NULL, true)
#7 Z:\home\vladimirfeskov.com.local\www\framework\web\CController.php(782): CController->renderPartial('index', NULL, true)
#8 Z:\home\vladimirfeskov.com.local\www\protected\controllers\SiteController.php(32): CController->render('index')
#9 Z:\home\vladimirfeskov.com.local\www\framework\web\actions\CInlineAction.php(49): SiteController->actionIndex()
#10 Z:\home\vladimirfeskov.com.local\www\framework\web\CController.php(308): CInlineAction->runWithParams(Array)
#11 Z:\home\vladimirfeskov.com.local\www\framework\web\CController.php(286): CController->runAction(Object(CInlineAction))
#12 Z:\home\vladimirfeskov.com.local\www\framework\web\CController.php(265): CController->runActionWithFilters(Object(CInlineAction), Array)
#13 Z:\home\vladimirfeskov.com.local\www\framework\web\CWebApplication.php(282): CController->run('')
#14 Z:\home\vladimirfeskov.com.local\www\framework\web\CWebApplication.php(141): CWebApplication->runController('')
#15 Z:\home\vladimirfeskov.com.local\www\framework\base\CApplication.php(169): CWebApplication->processRequest()
#16 Z:\home\vladimirfeskov.com.local\www\index.php(13): CApplication->run()
#17 {main}
REQUEST_URI=/
---
2013/02/19 20:15:58 [error] [exception.CException] exception 'CException' with message 'Alias "bootstrap.widgets.TbHeroUnit" is invalid. Make sure it points to an existing directory or file.' in Z:\home\vladimirfeskov.com.local\www\framework\YiiBase.php:341
Stack trace:
#0 Z:\home\vladimirfeskov.com.local\www\framework\web\CWidgetFactory.php(146): YiiBase::import('bootstrap.widge...', true)
#1 Z:\home\vladimirfeskov.com.local\www\framework\web\CBaseController.php(146): CWidgetFactory->createWidget(Object(SiteController), 'bootstrap.widge...', Array)
#2 Z:\home\vladimirfeskov.com.local\www\framework\web\CBaseController.php(189): CBaseController->createWidget('bootstrap.widge...', Array)
#3 Z:\home\vladimirfeskov.com.local\www\themes\bootstrap\views\site\index.php(9): CBaseController->beginWidget('bootstrap.widge...', Array)
#4 Z:\home\vladimirfeskov.com.local\www\framework\web\CBaseController.php(126): require('Z:\home\vladimi...')
#5 Z:\home\vladimirfeskov.com.local\www\framework\web\CBaseController.php(95): CBaseController->renderInternal('Z:\home\vladimi...', NULL, true)
#6 Z:\home\vladimirfeskov.com.local\www\framework\web\CController.php(869): CBaseController->renderFile('Z:\home\vladimi...', NULL, true)
#7 Z:\home\vladimirfeskov.com.local\www\framework\web\CController.php(782): CController->renderPartial('index', NULL, true)
#8 Z:\home\vladimirfeskov.com.local\www\protected\controllers\SiteController.php(32): CController->render('index')
#9 Z:\home\vladimirfeskov.com.local\www\framework\web\actions\CInlineAction.php(49): SiteController->actionIndex()
#10 Z:\home\vladimirfeskov.com.local\www\framework\web\CController.php(308): CInlineAction->runWithParams(Array)
#11 Z:\home\vladimirfeskov.com.local\www\framework\web\CController.php(286): CController->runAction(Object(CInlineAction))
#12 Z:\home\vladimirfeskov.com.local\www\framework\web\CController.php(265): CController->runActionWithFilters(Object(CInlineAction), Array)
#13 Z:\home\vladimirfeskov.com.local\www\framework\web\CWebApplication.php(282): CController->run('')
#14 Z:\home\vladimirfeskov.com.local\www\framework\web\CWebApplication.php(141): CWebApplication->runController('')
#15 Z:\home\vladimirfeskov.com.local\www\framework\base\CApplication.php(169): CWebApplication->processRequest()
#16 Z:\home\vladimirfeskov.com.local\www\index.php(13): CApplication->run()
#17 {main}
REQUEST_URI=/
---
2013/02/19 20:18:36 [error] [exception.CException] exception 'CException' with message 'SiteController has an extra endWidget() call in its view.' in Z:\home\vladimirfeskov.com.local\www\framework\web\CBaseController.php:210
Stack trace:
#0 Z:\home\vladimirfeskov.com.local\www\themes\bootstrap\views\site\index.php(11): CBaseController->endWidget()
#1 Z:\home\vladimirfeskov.com.local\www\framework\web\CBaseController.php(126): require('Z:\home\vladimi...')
#2 Z:\home\vladimirfeskov.com.local\www\framework\web\CBaseController.php(95): CBaseController->renderInternal('Z:\home\vladimi...', NULL, true)
#3 Z:\home\vladimirfeskov.com.local\www\framework\web\CController.php(869): CBaseController->renderFile('Z:\home\vladimi...', NULL, true)
#4 Z:\home\vladimirfeskov.com.local\www\framework\web\CController.php(782): CController->renderPartial('index', NULL, true)
#5 Z:\home\vladimirfeskov.com.local\www\protected\controllers\SiteController.php(32): CController->render('index')
#6 Z:\home\vladimirfeskov.com.local\www\framework\web\actions\CInlineAction.php(49): SiteController->actionIndex()
#7 Z:\home\vladimirfeskov.com.local\www\framework\web\CController.php(308): CInlineAction->runWithParams(Array)
#8 Z:\home\vladimirfeskov.com.local\www\framework\web\CController.php(286): CController->runAction(Object(CInlineAction))
#9 Z:\home\vladimirfeskov.com.local\www\framework\web\CController.php(265): CController->runActionWithFilters(Object(CInlineAction), Array)
#10 Z:\home\vladimirfeskov.com.local\www\framework\web\CWebApplication.php(282): CController->run('')
#11 Z:\home\vladimirfeskov.com.local\www\framework\web\CWebApplication.php(141): CWebApplication->runController('')
#12 Z:\home\vladimirfeskov.com.local\www\framework\base\CApplication.php(169): CWebApplication->processRequest()
#13 Z:\home\vladimirfeskov.com.local\www\index.php(13): CApplication->run()
#14 {main}
REQUEST_URI=/
---
2013/02/19 20:18:46 [error] [exception.CException] exception 'CException' with message 'Alias "bootstrap.components.Bootstrap" is invalid. Make sure it points to an existing directory or file.' in Z:\home\vladimirfeskov.com.local\www\framework\YiiBase.php:341
Stack trace:
#0 Z:\home\vladimirfeskov.com.local\www\framework\YiiBase.php(196): YiiBase::import('bootstrap.compo...', true)
#1 Z:\home\vladimirfeskov.com.local\www\framework\base\CModule.php(386): YiiBase::createComponent(Array)
#2 Z:\home\vladimirfeskov.com.local\www\framework\base\CModule.php(103): CModule->getComponent('bootstrap')
#3 Z:\home\vladimirfeskov.com.local\www\themes\bootstrap\views\layouts\main.php(12): CModule->__get('bootstrap')
#4 Z:\home\vladimirfeskov.com.local\www\framework\web\CBaseController.php(126): require('Z:\home\vladimi...')
#5 Z:\home\vladimirfeskov.com.local\www\framework\web\CBaseController.php(95): CBaseController->renderInternal('Z:\home\vladimi...', Array, true)
#6 Z:\home\vladimirfeskov.com.local\www\framework\web\widgets\CContentDecorator.php(76): CBaseController->renderFile('Z:\home\vladimi...', Array, true)
#7 Z:\home\vladimirfeskov.com.local\www\framework\web\widgets\CContentDecorator.php(54): CContentDecorator->decorate('<div id="conten...')
#8 Z:\home\vladimirfeskov.com.local\www\framework\web\widgets\COutputProcessor.php(44): CContentDecorator->processOutput('<div id="conten...')
#9 Z:\home\vladimirfeskov.com.local\www\framework\web\CBaseController.php(206): COutputProcessor->run()
#10 Z:\home\vladimirfeskov.com.local\www\framework\web\CBaseController.php(300): CBaseController->endWidget('CContentDecorat...')
#11 Z:\home\vladimirfeskov.com.local\www\protected\views\layouts\column1.php(6): CBaseController->endContent()
#12 Z:\home\vladimirfeskov.com.local\www\framework\web\CBaseController.php(126): require('Z:\home\vladimi...')
#13 Z:\home\vladimirfeskov.com.local\www\framework\web\CBaseController.php(95): CBaseController->renderInternal('Z:\home\vladimi...', Array, true)
#14 Z:\home\vladimirfeskov.com.local\www\framework\web\CController.php(784): CBaseController->renderFile('Z:\home\vladimi...', Array, true)
#15 Z:\home\vladimirfeskov.com.local\www\protected\controllers\SiteController.php(32): CController->render('index')
#16 Z:\home\vladimirfeskov.com.local\www\framework\web\actions\CInlineAction.php(49): SiteController->actionIndex()
#17 Z:\home\vladimirfeskov.com.local\www\framework\web\CController.php(308): CInlineAction->runWithParams(Array)
#18 Z:\home\vladimirfeskov.com.local\www\framework\web\CController.php(286): CController->runAction(Object(CInlineAction))
#19 Z:\home\vladimirfeskov.com.local\www\framework\web\CController.php(265): CController->runActionWithFilters(Object(CInlineAction), Array)
#20 Z:\home\vladimirfeskov.com.local\www\framework\web\CWebApplication.php(282): CController->run('')
#21 Z:\home\vladimirfeskov.com.local\www\framework\web\CWebApplication.php(141): CWebApplication->runController('')
#22 Z:\home\vladimirfeskov.com.local\www\framework\base\CApplication.php(169): CWebApplication->processRequest()
#23 Z:\home\vladimirfeskov.com.local\www\index.php(13): CApplication->run()
#24 {main}
REQUEST_URI=/
---
2013/02/19 20:19:49 [error] [exception.CException] exception 'CException' with message 'Alias "bootstrap.widgets.TbHeroUnit" is invalid. Make sure it points to an existing directory or file.' in Z:\home\vladimirfeskov.com.local\www\framework\YiiBase.php:341
Stack trace:
#0 Z:\home\vladimirfeskov.com.local\www\framework\web\CWidgetFactory.php(146): YiiBase::import('bootstrap.widge...', true)
#1 Z:\home\vladimirfeskov.com.local\www\framework\web\CBaseController.php(146): CWidgetFactory->createWidget(Object(SiteController), 'bootstrap.widge...', Array)
#2 Z:\home\vladimirfeskov.com.local\www\framework\web\CBaseController.php(189): CBaseController->createWidget('bootstrap.widge...', Array)
#3 Z:\home\vladimirfeskov.com.local\www\themes\bootstrap\views\site\index.php(9): CBaseController->beginWidget('bootstrap.widge...', Array)
#4 Z:\home\vladimirfeskov.com.local\www\framework\web\CBaseController.php(126): require('Z:\home\vladimi...')
#5 Z:\home\vladimirfeskov.com.local\www\framework\web\CBaseController.php(95): CBaseController->renderInternal('Z:\home\vladimi...', NULL, true)
#6 Z:\home\vladimirfeskov.com.local\www\framework\web\CController.php(869): CBaseController->renderFile('Z:\home\vladimi...', NULL, true)
#7 Z:\home\vladimirfeskov.com.local\www\framework\web\CController.php(782): CController->renderPartial('index', NULL, true)
#8 Z:\home\vladimirfeskov.com.local\www\protected\controllers\SiteController.php(32): CController->render('index')
#9 Z:\home\vladimirfeskov.com.local\www\framework\web\actions\CInlineAction.php(49): SiteController->actionIndex()
#10 Z:\home\vladimirfeskov.com.local\www\framework\web\CController.php(308): CInlineAction->runWithParams(Array)
#11 Z:\home\vladimirfeskov.com.local\www\framework\web\CController.php(286): CController->runAction(Object(CInlineAction))
#12 Z:\home\vladimirfeskov.com.local\www\framework\web\CController.php(265): CController->runActionWithFilters(Object(CInlineAction), Array)
#13 Z:\home\vladimirfeskov.com.local\www\framework\web\CWebApplication.php(282): CController->run('')
#14 Z:\home\vladimirfeskov.com.local\www\framework\web\CWebApplication.php(141): CWebApplication->runController('')
#15 Z:\home\vladimirfeskov.com.local\www\framework\base\CApplication.php(169): CWebApplication->processRequest()
#16 Z:\home\vladimirfeskov.com.local\www\index.php(13): CApplication->run()
#17 {main}
REQUEST_URI=/
---
