2013/02/16 19:29:46 [error] [exception.CDbException] could not find driver
2013/02/16 19:29:46 [error] [exception.CDbException] exception 'CDbException' with message 'CDbConnection failed to open the DB connection.' in /var/www/vladimirfeskov.com/framework/db/CDbConnection.php:387
Stack trace:
#0 /var/www/vladimirfeskov.com/framework/db/CDbConnection.php(330): CDbConnection->open()
#1 /var/www/vladimirfeskov.com/framework/db/CDbConnection.php(308): CDbConnection->setActive(true)
#2 /var/www/vladimirfeskov.com/framework/base/CModule.php(387): CDbConnection->init()
#3 /var/www/vladimirfeskov.com/framework/base/CApplication.php(438): CModule->getComponent('db')
#4 /var/www/vladimirfeskov.com/framework/db/ar/CActiveRecord.php(623): CApplication->getDb()
#5 /var/www/vladimirfeskov.com/framework/db/ar/CActiveRecord.php(2309): CActiveRecord->getDbConnection()
#6 /var/www/vladimirfeskov.com/framework/db/ar/CActiveRecord.php(387): CActiveRecordMetaData->__construct(Object(Post))
#7 /var/www/vladimirfeskov.com/framework/web/CActiveDataProvider.php(74): CActiveRecord::model('Post')
#8 /var/www/vladimirfeskov.com/demos/blog/protected/controllers/PostController.php(132): CActiveDataProvider->__construct('Post', Array)
#9 /var/www/vladimirfeskov.com/framework/web/actions/CInlineAction.php(49): PostController->actionIndex()
#10 /var/www/vladimirfeskov.com/framework/web/CController.php(308): CInlineAction->runWithParams(Array)
#11 /var/www/vladimirfeskov.com/framework/web/filters/CFilterChain.php(133): CController->runAction(Object(CInlineAction))
#12 /var/www/vladimirfeskov.com/framework/web/filters/CFilter.php(40): CFilterChain->run()
#13 /var/www/vladimirfeskov.com/framework/web/CController.php(1145): CFilter->filter(Object(CFilterChain))
#14 /var/www/vladimirfeskov.com/framework/web/filters/CInlineFilter.php(58): CController->filterAccessControl(Object(CFilterChain))
#15 /var/www/vladimirfeskov.com/framework/web/filters/CFilterChain.php(130): CInlineFilter->filter(Object(CFilterChain))
#16 /var/www/vladimirfeskov.com/framework/web/CController.php(291): CFilterChain->run()
#17 /var/www/vladimirfeskov.com/framework/web/CController.php(265): CController->runActionWithFilters(Object(CInlineAction), Array)
#18 /var/www/vladimirfeskov.com/framework/web/CWebApplication.php(282): CController->run('')
#19 /var/www/vladimirfeskov.com/framework/web/CWebApplication.php(141): CWebApplication->runController('')
#20 /var/www/vladimirfeskov.com/framework/base/CApplication.php(169): CWebApplication->processRequest()
#21 /var/www/vladimirfeskov.com/demos/blog/index.php(11): CApplication->run()
#22 {main}
REQUEST_URI=/demos/blog/
---
2013/02/16 19:30:13 [error] [exception.CDbException] could not find driver
2013/02/16 19:30:13 [error] [exception.CDbException] exception 'CDbException' with message 'CDbConnection failed to open the DB connection.' in /var/www/vladimirfeskov.com/framework/db/CDbConnection.php:387
Stack trace:
#0 /var/www/vladimirfeskov.com/framework/db/CDbConnection.php(330): CDbConnection->open()
#1 /var/www/vladimirfeskov.com/framework/db/CDbConnection.php(308): CDbConnection->setActive(true)
#2 /var/www/vladimirfeskov.com/framework/base/CModule.php(387): CDbConnection->init()
#3 /var/www/vladimirfeskov.com/framework/base/CApplication.php(438): CModule->getComponent('db')
#4 /var/www/vladimirfeskov.com/framework/db/ar/CActiveRecord.php(623): CApplication->getDb()
#5 /var/www/vladimirfeskov.com/framework/db/ar/CActiveRecord.php(2309): CActiveRecord->getDbConnection()
#6 /var/www/vladimirfeskov.com/framework/db/ar/CActiveRecord.php(387): CActiveRecordMetaData->__construct(Object(Post))
#7 /var/www/vladimirfeskov.com/framework/web/CActiveDataProvider.php(74): CActiveRecord::model('Post')
#8 /var/www/vladimirfeskov.com/demos/blog/protected/controllers/PostController.php(132): CActiveDataProvider->__construct('Post', Array)
#9 /var/www/vladimirfeskov.com/framework/web/actions/CInlineAction.php(49): PostController->actionIndex()
#10 /var/www/vladimirfeskov.com/framework/web/CController.php(308): CInlineAction->runWithParams(Array)
#11 /var/www/vladimirfeskov.com/framework/web/filters/CFilterChain.php(133): CController->runAction(Object(CInlineAction))
#12 /var/www/vladimirfeskov.com/framework/web/filters/CFilter.php(40): CFilterChain->run()
#13 /var/www/vladimirfeskov.com/framework/web/CController.php(1145): CFilter->filter(Object(CFilterChain))
#14 /var/www/vladimirfeskov.com/framework/web/filters/CInlineFilter.php(58): CController->filterAccessControl(Object(CFilterChain))
#15 /var/www/vladimirfeskov.com/framework/web/filters/CFilterChain.php(130): CInlineFilter->filter(Object(CFilterChain))
#16 /var/www/vladimirfeskov.com/framework/web/CController.php(291): CFilterChain->run()
#17 /var/www/vladimirfeskov.com/framework/web/CController.php(265): CController->runActionWithFilters(Object(CInlineAction), Array)
#18 /var/www/vladimirfeskov.com/framework/web/CWebApplication.php(282): CController->run('')
#19 /var/www/vladimirfeskov.com/framework/web/CWebApplication.php(141): CWebApplication->runController('')
#20 /var/www/vladimirfeskov.com/framework/base/CApplication.php(169): CWebApplication->processRequest()
#21 /var/www/vladimirfeskov.com/demos/blog/index.php(11): CApplication->run()
#22 {main}
REQUEST_URI=/demos/blog/
---
2013/02/16 19:32:14 [error] [exception.CDbException] could not find driver
2013/02/16 19:32:14 [error] [exception.CDbException] exception 'CDbException' with message 'CDbConnection failed to open the DB connection.' in /var/www/vladimirfeskov.com/framework/db/CDbConnection.php:387
Stack trace:
#0 /var/www/vladimirfeskov.com/framework/db/CDbConnection.php(330): CDbConnection->open()
#1 /var/www/vladimirfeskov.com/framework/db/CDbConnection.php(308): CDbConnection->setActive(true)
#2 /var/www/vladimirfeskov.com/framework/base/CModule.php(387): CDbConnection->init()
#3 /var/www/vladimirfeskov.com/framework/base/CApplication.php(438): CModule->getComponent('db')
#4 /var/www/vladimirfeskov.com/framework/db/ar/CActiveRecord.php(623): CApplication->getDb()
#5 /var/www/vladimirfeskov.com/framework/db/ar/CActiveRecord.php(2309): CActiveRecord->getDbConnection()
#6 /var/www/vladimirfeskov.com/framework/db/ar/CActiveRecord.php(387): CActiveRecordMetaData->__construct(Object(Post))
#7 /var/www/vladimirfeskov.com/framework/web/CActiveDataProvider.php(74): CActiveRecord::model('Post')
#8 /var/www/vladimirfeskov.com/demos/blog/protected/controllers/PostController.php(132): CActiveDataProvider->__construct('Post', Array)
#9 /var/www/vladimirfeskov.com/framework/web/actions/CInlineAction.php(49): PostController->actionIndex()
#10 /var/www/vladimirfeskov.com/framework/web/CController.php(308): CInlineAction->runWithParams(Array)
#11 /var/www/vladimirfeskov.com/framework/web/filters/CFilterChain.php(133): CController->runAction(Object(CInlineAction))
#12 /var/www/vladimirfeskov.com/framework/web/filters/CFilter.php(40): CFilterChain->run()
#13 /var/www/vladimirfeskov.com/framework/web/CController.php(1145): CFilter->filter(Object(CFilterChain))
#14 /var/www/vladimirfeskov.com/framework/web/filters/CInlineFilter.php(58): CController->filterAccessControl(Object(CFilterChain))
#15 /var/www/vladimirfeskov.com/framework/web/filters/CFilterChain.php(130): CInlineFilter->filter(Object(CFilterChain))
#16 /var/www/vladimirfeskov.com/framework/web/CController.php(291): CFilterChain->run()
#17 /var/www/vladimirfeskov.com/framework/web/CController.php(265): CController->runActionWithFilters(Object(CInlineAction), Array)
#18 /var/www/vladimirfeskov.com/framework/web/CWebApplication.php(282): CController->run('')
#19 /var/www/vladimirfeskov.com/framework/web/CWebApplication.php(141): CWebApplication->runController('')
#20 /var/www/vladimirfeskov.com/framework/base/CApplication.php(169): CWebApplication->processRequest()
#21 /var/www/vladimirfeskov.com/demos/blog/index.php(11): CApplication->run()
#22 {main}
REQUEST_URI=/demos/blog/
---
2013/02/19 21:44:16 [error] [exception.CException] exception 'CException' with message 'CAssetManager.basePath "Z:\home\vladimirfeskov.com.local\www\demos\blog\assets" is invalid. Please make sure the directory exists and is writable by the Web server process.' in Z:\home\vladimirfeskov.com.local\www\framework\web\CAssetManager.php:138
Stack trace:
#0 Z:\home\vladimirfeskov.com.local\www\framework\web\CAssetManager.php(123): CAssetManager->setBasePath('Z:\home\vladimi...')
#1 Z:\home\vladimirfeskov.com.local\www\framework\web\CAssetManager.php(217): CAssetManager->getBasePath()
#2 Z:\home\vladimirfeskov.com.local\www\framework\zii\widgets\CListView.php(209): CAssetManager->publish('Z:\home\vladimi...')
#3 Z:\home\vladimirfeskov.com.local\www\framework\web\CBaseController.php(147): CListView->init()
#4 Z:\home\vladimirfeskov.com.local\www\framework\web\CBaseController.php(172): CBaseController->createWidget('zii.widgets.CLi...', Array)
#5 Z:\home\vladimirfeskov.com.local\www\demos\blog\protected\views\post\index.php(9): CBaseController->widget('zii.widgets.CLi...', Array)
#6 Z:\home\vladimirfeskov.com.local\www\framework\web\CBaseController.php(126): require('Z:\home\vladimi...')
#7 Z:\home\vladimirfeskov.com.local\www\framework\web\CBaseController.php(95): CBaseController->renderInternal('Z:\home\vladimi...', Array, true)
#8 Z:\home\vladimirfeskov.com.local\www\framework\web\CController.php(869): CBaseController->renderFile('Z:\home\vladimi...', Array, true)
#9 Z:\home\vladimirfeskov.com.local\www\framework\web\CController.php(782): CController->renderPartial('index', Array, true)
#10 Z:\home\vladimirfeskov.com.local\www\demos\blog\protected\controllers\PostController.php(136): CController->render('index', Array)
#11 Z:\home\vladimirfeskov.com.local\www\framework\web\actions\CInlineAction.php(49): PostController->actionIndex()
#12 Z:\home\vladimirfeskov.com.local\www\framework\web\CController.php(308): CInlineAction->runWithParams(Array)
#13 Z:\home\vladimirfeskov.com.local\www\framework\web\filters\CFilterChain.php(133): CController->runAction(Object(CInlineAction))
#14 Z:\home\vladimirfeskov.com.local\www\framework\web\filters\CFilter.php(40): CFilterChain->run()
#15 Z:\home\vladimirfeskov.com.local\www\framework\web\CController.php(1145): CFilter->filter(Object(CFilterChain))
#16 Z:\home\vladimirfeskov.com.local\www\framework\web\filters\CInlineFilter.php(58): CController->filterAccessControl(Object(CFilterChain))
#17 Z:\home\vladimirfeskov.com.local\www\framework\web\filters\CFilterChain.php(130): CInlineFilter->filter(Object(CFilterChain))
#18 Z:\home\vladimirfeskov.com.local\www\framework\web\CController.php(291): CFilterChain->run()
#19 Z:\home\vladimirfeskov.com.local\www\framework\web\CController.php(265): CController->runActionWithFilters(Object(CInlineAction), Array)
#20 Z:\home\vladimirfeskov.com.local\www\framework\web\CWebApplication.php(282): CController->run('')
#21 Z:\home\vladimirfeskov.com.local\www\framework\web\CWebApplication.php(141): CWebApplication->runController('')
#22 Z:\home\vladimirfeskov.com.local\www\framework\base\CApplication.php(169): CWebApplication->processRequest()
#23 Z:\home\vladimirfeskov.com.local\www\demos\blog\index.php(11): CApplication->run()
#24 {main}
REQUEST_URI=/demos/blog/
---
2013/02/19 21:44:26 [error] [exception.CException] exception 'CException' with message 'CAssetManager.basePath "Z:\home\vladimirfeskov.com.local\www\demos\blog\assets" is invalid. Please make sure the directory exists and is writable by the Web server process.' in Z:\home\vladimirfeskov.com.local\www\framework\web\CAssetManager.php:138
Stack trace:
#0 Z:\home\vladimirfeskov.com.local\www\framework\web\CAssetManager.php(123): CAssetManager->setBasePath('Z:\home\vladimi...')
#1 Z:\home\vladimirfeskov.com.local\www\framework\web\CAssetManager.php(217): CAssetManager->getBasePath()
#2 Z:\home\vladimirfeskov.com.local\www\framework\web\CClientScript.php(462): CAssetManager->publish('Z:\home\vladimi...')
#3 Z:\home\vladimirfeskov.com.local\www\framework\web\CClientScript.php(499): CClientScript->getCoreScriptUrl()
#4 Z:\home\vladimirfeskov.com.local\www\framework\web\CClientScript.php(315): CClientScript->getPackageBaseUrl('jquery')
#5 Z:\home\vladimirfeskov.com.local\www\framework\web\CClientScript.php(208): CClientScript->renderCoreScripts()
#6 Z:\home\vladimirfeskov.com.local\www\framework\web\CController.php(351): CClientScript->render('<!DOCTYPE html ...')
#7 Z:\home\vladimirfeskov.com.local\www\framework\web\CController.php(788): CController->processOutput('<!DOCTYPE html ...')
#8 Z:\home\vladimirfeskov.com.local\www\demos\blog\protected\controllers\SiteController.php(86): CController->render('login', Array)
#9 Z:\home\vladimirfeskov.com.local\www\framework\web\actions\CInlineAction.php(49): SiteController->actionLogin()
#10 Z:\home\vladimirfeskov.com.local\www\framework\web\CController.php(308): CInlineAction->runWithParams(Array)
#11 Z:\home\vladimirfeskov.com.local\www\framework\web\CController.php(286): CController->runAction(Object(CInlineAction))
#12 Z:\home\vladimirfeskov.com.local\www\framework\web\CController.php(265): CController->runActionWithFilters(Object(CInlineAction), Array)
#13 Z:\home\vladimirfeskov.com.local\www\framework\web\CWebApplication.php(282): CController->run('login')
#14 Z:\home\vladimirfeskov.com.local\www\framework\web\CWebApplication.php(141): CWebApplication->runController('site/login')
#15 Z:\home\vladimirfeskov.com.local\www\framework\base\CApplication.php(169): CWebApplication->processRequest()
#16 Z:\home\vladimirfeskov.com.local\www\demos\blog\index.php(11): CApplication->run()
#17 {main}
REQUEST_URI=/demos/blog/index.php/site/login
HTTP_REFERER=http://vladimirfeskov.com.local/demos/blog/
---
